<?xml version="1.0" encoding="UTF-8"?>
<!-- Generated by org.testng.reporters.JUnitReportReporter -->
<testsuite hostname="LAPTOP-7BTIVPCA" failures="0" tests="1" name="com.sudha.api.Testcases.CreateCustomerAPI" time="2.176" errors="0" timestamp="2021-05-04T22:25:56 IST" skipped="0">
  <testcase classname="com.sudha.api.Testcases.CreateCustomerAPI" name="validateCreateCustomerAPI" time="2.176"/>
  <system-out/>
</testsuite> <!-- com.sudha.api.Testcases.CreateCustomerAPI -->
